Training on GPU...
Iteration 1: Epoch [1/10], Loss: 1.8547
Iteration 1: Epoch [2/10], Loss: 1.4761
Iteration 1: Epoch [3/10], Loss: 1.3417
Iteration 1: Epoch [4/10], Loss: 1.2440
Iteration 1: Epoch [5/10], Loss: 1.1614
Iteration 1: Epoch [6/10], Loss: 1.0938
Iteration 1: Epoch [7/10], Loss: 1.0367
Iteration 1: Epoch [8/10], Loss: 0.9839
Iteration 1: Epoch [9/10], Loss: 0.9456
Iteration 1: Epoch [10/10], Loss: 0.9038
Loss on Last Iteration for Training is 564.8528943657875

Iteration 1: Testing on Test Set
Accuracy: 0.6602
Precision: 0.6750
Recall: 0.6602
F1 Score: 0.6612

Classification Report:

              precision    recall  f1-score   support

           0       0.67      0.76      0.71      1000
           1       0.71      0.83      0.76      1000
           2       0.52      0.59      0.55      1000
           3       0.45      0.54      0.49      1000
           4       0.64      0.61      0.62      1000
           5       0.61      0.50      0.55      1000
           6       0.80      0.67      0.73      1000
           7       0.79      0.69      0.74      1000
           8       0.70      0.83      0.76      1000
           9       0.87      0.57      0.69      1000

    accuracy                           0.66     10000
   macro avg       0.68      0.66      0.66     10000
weighted avg       0.68      0.66      0.66     10000

Iteration 2: Epoch [1/10], Loss: 1.8555
Iteration 2: Epoch [2/10], Loss: 1.4521
Iteration 2: Epoch [3/10], Loss: 1.2744
Iteration 2: Epoch [4/10], Loss: 1.1380
Iteration 2: Epoch [5/10], Loss: 1.0267
Iteration 2: Epoch [6/10], Loss: 0.9371
Iteration 2: Epoch [7/10], Loss: 0.8660
Iteration 2: Epoch [8/10], Loss: 0.7912
Iteration 2: Epoch [9/10], Loss: 0.7364
Iteration 2: Epoch [10/10], Loss: 0.6767
Loss on Last Iteration for Training is 422.92658856511116

Iteration 2: Testing on Test Set
Accuracy: 0.7182
Precision: 0.7173
Recall: 0.7182
F1 Score: 0.7147

Classification Report:

              precision    recall  f1-score   support

           0       0.73      0.79      0.76      1000
           1       0.83      0.83      0.83      1000
           2       0.64      0.54      0.59      1000
           3       0.57      0.42      0.49      1000
           4       0.68      0.68      0.68      1000
           5       0.57      0.70      0.63      1000
           6       0.73      0.85      0.78      1000
           7       0.82      0.76      0.79      1000
           8       0.85      0.80      0.82      1000
           9       0.75      0.82      0.79      1000

    accuracy                           0.72     10000
   macro avg       0.72      0.72      0.71     10000
weighted avg       0.72      0.72      0.71     10000

Iteration 3: Epoch [1/10], Loss: 1.9429
Iteration 3: Epoch [2/10], Loss: 1.4954
Iteration 3: Epoch [3/10], Loss: 1.2837
Iteration 3: Epoch [4/10], Loss: 1.1168
Iteration 3: Epoch [5/10], Loss: 0.9955
Iteration 3: Epoch [6/10], Loss: 0.8936
Iteration 3: Epoch [7/10], Loss: 0.8136
Iteration 3: Epoch [8/10], Loss: 0.7514
Iteration 3: Epoch [9/10], Loss: 0.6883
Iteration 3: Epoch [10/10], Loss: 0.6394
Loss on Last Iteration for Training is 399.60735407471657

Iteration 3: Testing on Test Set
Accuracy: 0.7696
Precision: 0.7723
Recall: 0.7696
F1 Score: 0.7698

Classification Report:

              precision    recall  f1-score   support

           0       0.80      0.81      0.80      1000
           1       0.90      0.85      0.88      1000
           2       0.70      0.64      0.67      1000
           3       0.57      0.62      0.59      1000
           4       0.77      0.68      0.72      1000
           5       0.66      0.70      0.68      1000
           6       0.78      0.85      0.81      1000
           7       0.82      0.83      0.83      1000
           8       0.90      0.85      0.87      1000
           9       0.82      0.89      0.85      1000

    accuracy                           0.77     10000
   macro avg       0.77      0.77      0.77     10000
weighted avg       0.77      0.77      0.77     10000

